<?xml version="1.0" encoding="UTF-8"?>
<!-- Generated by org.testng.reporters.JUnitReportReporter -->
<testsuite hostname="DESKTOP-U4U1420" failures="0" tests="4" name="com.testcases.Quiz_Statelymen_Test" time="317.945" errors="0" timestamp="10 Sep 2022 06:54:27 GMT" skipped="0">
  <testcase classname="com.testcases.Quiz_Statelymen_Test" name="Quiz_Test_Login" time="76.204"/>
  <testcase classname="com.testcases.Quiz_Statelymen_Test" name="Quiz_Test_Login" time="81.280"/>
  <testcase classname="com.testcases.Quiz_Statelymen_Test" name="Quiz_Test_Login" time="77.850"/>
  <testcase classname="com.testcases.Quiz_Statelymen_Test" name="Quiz_Test_Login" time="82.611"/>
</testsuite> <!-- com.testcases.Quiz_Statelymen_Test -->
